<?xml version="1.0" encoding="UTF-8"?>
<testng-results skipped="0" failed="0" total="1" passed="1">
  <reporter-output>
  </reporter-output>
  <suite name="Default suite" duration-ms="18425" started-at="2020-12-04T17:15:45Z" finished-at="2020-12-04T17:16:04Z">
    <groups>
    </groups>
    <test name="Default test" duration-ms="18425" started-at="2020-12-04T17:15:45Z" finished-at="2020-12-04T17:16:04Z">
      <class name="com.qa.tests.LoginPageTest">
        <test-method status="PASS" signature="setup()[pri:0, instance:com.qa.tests.LoginPageTest@2b98378d]" name="setup" is-config="true" duration-ms="12806" started-at="2020-12-04T10:15:45Z" finished-at="2020-12-04T10:15:58Z">
          <reporter-output>
          </reporter-output>
        </test-method> <!-- setup -->
        <test-method status="PASS" signature="loginPageTest()[pri:2, instance:com.qa.tests.LoginPageTest@2b98378d]" name="loginPageTest" duration-ms="4423" started-at="2020-12-04T10:15:58Z" finished-at="2020-12-04T10:16:02Z">
          <reporter-output>
          </reporter-output>
        </test-method> <!-- loginPageTest -->
        <test-method status="PASS" signature="tearDown()[pri:0, instance:com.qa.tests.LoginPageTest@2b98378d]" name="tearDown" is-config="true" duration-ms="1162" started-at="2020-12-04T10:16:02Z" finished-at="2020-12-04T10:16:04Z">
          <reporter-output>
          </reporter-output>
        </test-method> <!-- tearDown -->
      </class> <!-- com.qa.tests.LoginPageTest -->
    </test> <!-- Default test -->
  </suite> <!-- Default suite -->
</testng-results>
