<?xml version="1.0" encoding="UTF-8"?>
<!-- Generated by org.testng.reporters.JUnitXMLReporter -->
<testsuite hostname="JAYARAJ-PC" name="Test1" tests="7" failures="2" timestamp="4 Dec 2020 15:18:10 GMT" time="106.261" errors="0">
  <testcase name="homePage" time="0.026" classname="com.qa.tests.HomePageTest"/>
  <testcase name="textBoxTest" time="0.112" classname="com.qa.tests.SearchPageTest"/>
  <testcase name="loginPageTest" time="0.002" classname="com.qa.tests.LoginPageTest">
    <failure type="java.lang.NullPointerException">
      <![CDATA[java.lang.NullPointerException
	at org.openqa.selenium.support.pagefactory.DefaultElementLocator.findElement(DefaultElementLocator.java:69)
	at org.openqa.selenium.support.pagefactory.internal.LocatingElementHandler.invoke(LocatingElementHandler.java:38)
	at com.sun.proxy.$Proxy9.click(Unknown Source)
	at com.qa.pages.LoginPage.verifyLogin(LoginPage.java:39)
	at com.qa.tests.LoginPageTest.loginPageTest(LoginPageTest.java:27)
... Removed 25 stack frames]]>
    </failure>
  </testcase> <!-- loginPageTest -->
  <testcase name="quickLinksTest" time="0.118" classname="com.qa.tests.HomePageTest"/>
  <testcase name="defaultTextTest1" time="0.082" classname="com.qa.tests.SearchPageTest"/>
  <testcase name="topMessTest" time="0.003" classname="com.qa.tests.LoginPageTest">
    <failure type="java.lang.NullPointerException">
      <![CDATA[java.lang.NullPointerException
	at org.openqa.selenium.support.pagefactory.DefaultElementLocator.findElement(DefaultElementLocator.java:69)
	at org.openqa.selenium.support.pagefactory.internal.LocatingElementHandler.invoke(LocatingElementHandler.java:38)
	at com.sun.proxy.$Proxy9.getText(Unknown Source)
	at com.qa.pages.LoginPage.verifyTopMess(LoginPage.java:48)
	at com.qa.tests.LoginPageTest.topMessTest(LoginPageTest.java:31)
... Removed 25 stack frames]]>
    </failure>
  </testcase> <!-- topMessTest -->
  <testcase name="defaultTextTest2" time="0.091" classname="com.qa.tests.SearchPageTest"/>
</testsuite> <!-- Test1 -->
